C51 COMPILER V9.60.0.0   MAIN                                                              02/18/2021 21:37:12 PAGE 1   


C51 COMPILER V9.60.0.0, COMPILATION OF MODULE MAIN
OBJECT MODULE PLACED IN .\Objects\main.obj
COMPILER INVOKED BY: C:\Keil_v5\C51\BIN\C51.EXE main.c OPTIMIZE(8,SPEED) BROWSE DEBUG OBJECTEXTEND PRINT(.\Listings\main
                    -.lst) TABS(2) OBJECT(.\Objects\main.obj)

line level    source

   1          // Code for 7 Segment Display Interfacing with 8051 Microcontroller (AT89S52)...
   2          //or NUVOTON's W78E052DDG...
   3          #include<reg52.h>
   4          #include<stdio.h>
   5          sbit LED = P1^0;
   6          sbit sw = P1^5;
   7          
   8          //seven segment declarations...
   9          sbit seg8 = P2^7;  //the decimal...
  10          sbit segA = P2^0;
  11          sbit segB = P2^1;
  12          sbit segC = P2^2;
  13          sbit segD = P2^3;
  14          sbit segE = P2^4;
  15          sbit segF = P2^5;
  16          sbit segG = P2^6;
  17          
  18          sbit dig1 = P3^6;
  19          sbit dig2 = P3^5;
  20          sbit dig3 = P3^4;
  21          sbit dig4 = P3^3;
  22          sbit dig5 = P3^2;
  23          sbit dig6 = P3^1;
  24          
  25          unsigned int copy=0;  //counter variable here...
  26          unsigned int count = 0;
  27          unsigned int a=0;
  28          unsigned int b=0;
  29          unsigned int k=0;
  30          unsigned int j=0; //loop control variable...
  31          
  32          //When unsigned variables are made to exceed their maximum capacity they "roll over" back to 0, and also t
             -he other way around:
  33          
  34          unsigned char no_code[]={0xC0,0xF9,0xA4,0xB0,0x99,0x92,0x82,0xF8,0x80,0x90}; //Array for hex values (0-9) 
             -for common anode 7 segment...
  35          
  36          void patterns(void);
  37              
  38          void main()
  39          {
  40   1        //P1 = 0x00;  //we're gonna use a switch here at pin 6 so let it be high by default...
  41   1        P2 = 0xFF; //going high...for common anode 7-segment display...
  42   1        P3 = 0xFF; //going high for multiplex lines...high means OFF in pnp logic...bc558 used...
  43   1        //P0 does not have any internal pull-up resistor...leaving it as it is here...
  44   1        LED = 0; //makes the pin as the output...note other pins are high...
  45   1          
  46   1          while(1)
  47   1          {
  48   2            if(k==50)
  49   2            {
  50   3              k=0;
  51   3              count++;
  52   3              if(count == 100)
C51 COMPILER V9.60.0.0   MAIN                                                              02/18/2021 21:37:12 PAGE 2   

  53   3              {
  54   4                count = 0;
  55   4                patterns();
  56   4              }
  57   3              copy = count;
  58   3              a = (copy%10);
  59   3              copy = copy/10;
  60   3              b = (copy%10);              
  61   3            }
  62   2            
  63   2            //DIGIT 2
  64   2            dig3 = 1; //OFF
  65   2            dig2 = 0; //ON
  66   2            P2=no_code[a];
  67   2            for(j=0;j<1500;j++); // delay use 1ms for better results...
  68   2            k++;
  69   2            //DIGIT 3
  70   2            dig2 = 1; //OFF
  71   2            dig3 = 0; //ON
  72   2            P2=no_code[b];
  73   2            for(j=0;j<1500;j++); // delay
  74   2            k++;
  75   2          }         
  76   1      }
  77          
  78          void patterns(void)
  79          {
  80   1        int i;
  81   1        P3 = 0x00; //all display on...
  82   1        P2 = 0xFF;
  83   1        for(i=0;i<=4;i++)
  84   1        {
  85   2          seg8=0;
  86   2          for(i=0;i<200;i++)    
  87   2          for(j=0;j<1275;j++);  //200ms delay...
  88   2          seg8=1;
  89   2          for(i=0;i<200;i++)    
  90   2          for(j=0;j<1275;j++);  //200ms delay...
  91   2        }
  92   1      }


MODULE INFORMATION:   STATIC OVERLAYABLE
   CODE SIZE        =    270    ----
   CONSTANT SIZE    =   ----    ----
   XDATA SIZE       =   ----    ----
   PDATA SIZE       =   ----    ----
   DATA SIZE        =     22    ----
   IDATA SIZE       =   ----    ----
   BIT SIZE         =   ----    ----
END OF MODULE INFORMATION.


C51 COMPILATION COMPLETE.  0 WARNING(S),  0 ERROR(S)
