C51 COMPILER V9.60.0.0   MAIN                                                              01/07/2021 19:04:19 PAGE 1   


C51 COMPILER V9.60.0.0, COMPILATION OF MODULE MAIN
OBJECT MODULE PLACED IN .\Objects\main.obj
COMPILER INVOKED BY: C:\Keil_v5\C51\BIN\C51.EXE main.c OPTIMIZE(8,SPEED) BROWSE DEBUG OBJECTEXTEND PRINT(.\Listings\main
                    -.lst) TABS(2) OBJECT(.\Objects\main.obj)

line level    source

   1          #include<reg52.h>
   2          #include<stdio.h>
   3          
   4          sbit LED = P1^0;
   5          sbit sw = P1^5;
   6          //declaring 7-segment here...not needed if you're writing hex codes...
   7          sbit seg1 = P2^0; 
   8          sbit seg2 = P2^1; 
   9          sbit seg3 = P2^2; 
  10          sbit seg4 = P2^3; 
  11          sbit seg5 = P2^4; 
  12          sbit seg6 = P2^5; 
  13          sbit seg7 = P2^6; 
  14          sbit seg8 = P2^7;
  15          //done!!
  16          
  17          void delay(unsigned int count);
  18          
  19          void display(unsigned int num);
  20          
  21          void pattern(void);
  22          
  23          void main()
  24          {
  25   1        //P1 = 0x00;  //we're gonna use a switch here at pin 6  
  26   1        P2 = 0xFF; //going high.
  27   1        P3 = 0x00;
  28   1        //P0 does not have any internal pull-up resistor...
  29   1        LED = 0; //makes the pin as the output;
  30   1        
  31   1        while(1)
  32   1        {
  33   2          int i;
  34   2          if(sw == 0)  //if the switch is pressed...
  35   2          {
  36   3          for(i=9;i>=0;i--)
  37   3          {       
  38   4            LED = 1;
  39   4            display(i); //uses the 7-segment...
  40   4            delay(400);
  41   4            LED = 0;
  42   4            delay(400);
  43   4          }   
  44   3          }
  45   2          else
  46   2          {
  47   3            pattern();
  48   3          }
  49   2        }
  50   1      }
  51          //standard delay function...
  52          void delay(unsigned int count)
  53          {
  54   1        unsigned int i;
C51 COMPILER V9.60.0.0   MAIN                                                              01/07/2021 19:04:19 PAGE 2   

  55   1        while(count)
  56   1        {
  57   2          i=115;
  58   2          while(i>0)
  59   2          {
  60   3            i--;
  61   3          }
  62   2          count--;
  63   2        }
  64   1      }
  65          //end of delay
  66              
  67          void display(unsigned int num)
  68          {
  69   1        
  70   1        switch(num)
  71   1        {
  72   2          case 1:
  73   2          {
  74   3            P2 = 0xF9;
  75   3            break;
  76   3          }
  77   2          case 2:
  78   2          {
  79   3            P2 = 0xA4;
  80   3            break;
  81   3          }
  82   2          case 3:
  83   2          {
  84   3            P2 = 0xB0;
  85   3            break;
  86   3          }
  87   2          case 4:
  88   2          {
  89   3            P2 = 0x99;
  90   3            break;
  91   3          }
  92   2          case 5:
  93   2          {
  94   3            P2 = 0x92;
  95   3            break;
  96   3          }
  97   2          case 6:
  98   2          {
  99   3            P2 = 0x82;
 100   3            break;
 101   3          }
 102   2          case 7:
 103   2          {
 104   3            P2 = 0xF8;
 105   3            break;
 106   3          }
 107   2          case 8:
 108   2          {
 109   3            P2 = 0x80;
 110   3            break;
 111   3          }
 112   2          case 9:
 113   2          {
 114   3            P2 = 0x90;
 115   3            break;
 116   3          }
C51 COMPILER V9.60.0.0   MAIN                                                              01/07/2021 19:04:19 PAGE 3   

 117   2          case 0:
 118   2          {
 119   3            P2 = 0xC0;
 120   3            break;
 121   3          }
 122   2        }
 123   1        
 124   1      }   //7-segment interfacing with 8051 microcontroller nuvoton 78e052ddg 
 125          
 126          void pattern(void)
 127          {
 128   1          P2 = 0xFF;
 129   1          
 130   1          seg8 = 0;
 131   1          delay(100);
 132   1          seg8 = 1;
 133   1          delay(100);
 134   1            
 135   1      }


MODULE INFORMATION:   STATIC OVERLAYABLE
   CODE SIZE        =    198    ----
   CONSTANT SIZE    =   ----    ----
   XDATA SIZE       =   ----    ----
   PDATA SIZE       =   ----    ----
   DATA SIZE        =   ----       2
   IDATA SIZE       =   ----    ----
   BIT SIZE         =   ----    ----
END OF MODULE INFORMATION.


C51 COMPILATION COMPLETE.  0 WARNING(S),  0 ERROR(S)
